  C:\Users\zbook j\Desktop\year 3 sem3\game prog\program\backups\week4 2\5.0\HomeWorkStl\dep\lib\x64\SDL2.dll
          1 file(s) copied.
  Vector2.cpp
c:\users\zbook j\desktop\year 3 sem3\game prog\program\backups\week4 2\5.0\homeworkstl\homeworkstl\vector2.cpp(35): warning C4244: 'argument': conversion from 'float' to 'int', possible loss of data
c:\users\zbook j\desktop\year 3 sem3\game prog\program\backups\week4 2\5.0\homeworkstl\homeworkstl\vector2.cpp(40): warning C4244: '*=': conversion from 'const float' to 'int', possible loss of data
c:\users\zbook j\desktop\year 3 sem3\game prog\program\backups\week4 2\5.0\homeworkstl\homeworkstl\vector2.cpp(41): warning C4244: '*=': conversion from 'const float' to 'int', possible loss of data
c:\users\zbook j\desktop\year 3 sem3\game prog\program\backups\week4 2\5.0\homeworkstl\homeworkstl\vector2.cpp(47): warning C4244: 'argument': conversion from 'int' to 'float', possible loss of data
c:\users\zbook j\desktop\year 3 sem3\game prog\program\backups\week4 2\5.0\homeworkstl\homeworkstl\vector2.cpp(48): warning C4244: '/=': conversion from 'float' to 'int', possible loss of data
c:\users\zbook j\desktop\year 3 sem3\game prog\program\backups\week4 2\5.0\homeworkstl\homeworkstl\vector2.cpp(49): warning C4244: '/=': conversion from 'float' to 'int', possible loss of data
c:\users\zbook j\desktop\year 3 sem3\game prog\program\backups\week4 2\5.0\homeworkstl\homeworkstl\vector2.cpp(55): warning C4244: 'argument': conversion from 'int' to 'float', possible loss of data
c:\users\zbook j\desktop\year 3 sem3\game prog\program\backups\week4 2\5.0\homeworkstl\homeworkstl\vector2.cpp(56): warning C4244: '=': conversion from 'float' to 'int', possible loss of data
c:\users\zbook j\desktop\year 3 sem3\game prog\program\backups\week4 2\5.0\homeworkstl\homeworkstl\vector2.cpp(57): warning C4244: '=': conversion from 'float' to 'int', possible loss of data
c:\users\zbook j\desktop\year 3 sem3\game prog\program\backups\week4 2\5.0\homeworkstl\homeworkstl\vector2.cpp(65): warning C4244: 'return': conversion from 'double' to 'float', possible loss of data
  Texture.cpp
  Source.cpp
  Player.cpp
  Input.cpp
c:\users\zbook j\desktop\year 3 sem3\game prog\program\backups\week4 2\5.0\homeworkstl\homeworkstl\input.cpp(125): warning C4805: '==': unsafe mix of type 'const Uint8' and type 'bool' in operation
  GameObject.cpp
  Game.cpp
  Enemy.cpp
c:\users\zbook j\desktop\year 3 sem3\game prog\program\backups\week4 2\5.0\homeworkstl\homeworkstl\enemy.cpp(41): warning C4244: '+=': conversion from 'float' to 'int', possible loss of data
  Animation.cpp
  Generating Code...
  HomeWorkStl.vcxproj -> C:\Users\zbook j\Desktop\year 3 sem3\game prog\program\backups\week4 2\5.0\HomeWorkStl\x64\Debug\HomeWorkStl.exe
  HomeWorkStl.vcxproj -> C:\Users\zbook j\Desktop\year 3 sem3\game prog\program\backups\week4 2\5.0\HomeWorkStl\x64\Debug\HomeWorkStl.pdb (Full PDB)
